
C:\tien\PROJEKTY\procesory\STM\T108_V100a\stm32f10x_it.o:     file format elf32-littlearm
C:\tien\PROJEKTY\procesory\STM\T108_V100a\stm32f10x_it.o

Disassembly of section .text.NMIException:

00000000 <NMIException>:
NMIException():
C:\tien\PROJEKTY\procesory\STM\T108_V100a\sources/stm32f10x_it.c:51
* Output         : None
* Return         : None
*******************************************************************************/
void NMIException(void)
{
}
   0:	4770      	bx	lr
   2:	46c0      	nop			(mov r8, r8)
Disassembly of section .text.HardFaultException:

00000000 <HardFaultException>:
HardFaultException():
C:\tien\PROJEKTY\procesory\STM\T108_V100a\sources/stm32f10x_it.c:61
* Input          : None
* Output         : None
* Return         : None
*******************************************************************************/
void HardFaultException(void)
{
   0:	e7fe      	b.n	0 <HardFaultException>
   2:	46c0      	nop			(mov r8, r8)
Disassembly of section .text.MemManageException:

00000000 <MemManageException>:
MemManageException():
C:\tien\PROJEKTY\procesory\STM\T108_V100a\sources/stm32f10x_it.c:76
* Input          : None
* Output         : None
* Return         : None
*******************************************************************************/
void MemManageException(void)
{
   0:	e7fe      	b.n	0 <MemManageException>
   2:	46c0      	nop			(mov r8, r8)
Disassembly of section .text.BusFaultException:

00000000 <BusFaultException>:
BusFaultException():
C:\tien\PROJEKTY\procesory\STM\T108_V100a\sources/stm32f10x_it.c:91
* Input          : None
* Output         : None
* Return         : None
*******************************************************************************/
void BusFaultException(void)
{
   0:	e7fe      	b.n	0 <BusFaultException>
   2:	46c0      	nop			(mov r8, r8)
Disassembly of section .text.UsageFaultException:

00000000 <UsageFaultException>:
UsageFaultException():
C:\tien\PROJEKTY\procesory\STM\T108_V100a\sources/stm32f10x_it.c:106
* Input          : None
* Output         : None
* Return         : None
*******************************************************************************/
void UsageFaultException(void)
{
   0:	e7fe      	b.n	0 <UsageFaultException>
   2:	46c0      	nop			(mov r8, r8)
Disassembly of section .text.DebugMonitor:

00000000 <DebugMonitor>:
DebugMonitor():
C:\tien\PROJEKTY\procesory\STM\T108_V100a\sources/stm32f10x_it.c:122
* Output         : None
* Return         : None
*******************************************************************************/
void DebugMonitor(void)
{
}
   0:	4770      	bx	lr
USART1_IRQHandler():
   2:	46c0      	nop			(mov r8, r8)
Disassembly of section .text.SVCHandler:

00000000 <SVCHandler>:
SVCHandler():
C:\tien\PROJEKTY\procesory\STM\T108_V100a\sources/stm32f10x_it.c:133
* Output         : None
* Return         : None
*******************************************************************************/
void SVCHandler(void)
{
}
   0:	4770      	bx	lr
   2:	46c0      	nop			(mov r8, r8)
Disassembly of section .text.PendSVC:

00000000 <PendSVC>:
PendSVC():
C:\tien\PROJEKTY\procesory\STM\T108_V100a\sources/stm32f10x_it.c:144
* Output         : None
* Return         : None
*******************************************************************************/
void PendSVC(void)
{
}
   0:	4770      	bx	lr
   2:	46c0      	nop			(mov r8, r8)
Disassembly of section .text.SysTickHandler:

00000000 <SysTickHandler>:
SysTickHandler():
C:\tien\PROJEKTY\procesory\STM\T108_V100a\sources/stm32f10x_it.c:155
* Output         : None
* Return         : None
*******************************************************************************/
void SysTickHandler(void)
{
	Interval++;
   0:	4a1e      	ldr	r2, [pc, #120]	(7c <SysTickHandler+0x7c>)
C:\tien\PROJEKTY\procesory\STM\T108_V100a\sources/stm32f10x_it.c:156
	System_Timers.Counters.Timer_1ms++;
   2:	481f      	ldr	r0, [pc, #124]	(80 <SysTickHandler+0x80>)
C:\tien\PROJEKTY\procesory\STM\T108_V100a\sources/stm32f10x_it.c:155
* Output         : None
* Return         : None
*******************************************************************************/
void SysTickHandler(void)
{
	Interval++;
   4:	6813      	ldr	r3, [r2, #0]
   6:	3301      	adds	r3, #1
   8:	6013      	str	r3, [r2, #0]
C:\tien\PROJEKTY\procesory\STM\T108_V100a\sources/stm32f10x_it.c:156
	System_Timers.Counters.Timer_1ms++;
   a:	6803      	ldr	r3, [r0, #0]
   c:	3301      	adds	r3, #1
   e:	6003      	str	r3, [r0, #0]
C:\tien\PROJEKTY\procesory\STM\T108_V100a\sources/stm32f10x_it.c:158

	if ( (Interval % 10) == 0 )
  10:	6811      	ldr	r1, [r2, #0]
  12:	220a      	movs	r2, #10
  14:	fbb1 f3f2 	udiv	r3, r1, r2
  18:	fb02 1313 	mls	r3, r2, r3, r1
  1c:	b92b      	cbnz	r3, 2a <SysTickHandler+0x2a>
C:\tien\PROJEKTY\procesory\STM\T108_V100a\sources/stm32f10x_it.c:160
    {
        Lcd_Write_Strobe = TRUE;
  1e:	4b19      	ldr	r3, [pc, #100]	(84 <SysTickHandler+0x84>)
  20:	2201      	movs	r2, #1
  22:	701a      	strb	r2, [r3, #0]
C:\tien\PROJEKTY\procesory\STM\T108_V100a\sources/stm32f10x_it.c:161
		System_Timers.Counters.Timer_10ms++;
  24:	6843      	ldr	r3, [r0, #4]
  26:	189b      	adds	r3, r3, r2
  28:	6043      	str	r3, [r0, #4]
C:\tien\PROJEKTY\procesory\STM\T108_V100a\sources/stm32f10x_it.c:164
    }
    
	if ( (Interval % 100) == 0 )
  2a:	4b14      	ldr	r3, [pc, #80]	(7c <SysTickHandler+0x7c>)
  2c:	2264      	movs	r2, #100
  2e:	6819      	ldr	r1, [r3, #0]
  30:	fbb1 f3f2 	udiv	r3, r1, r2
  34:	fb02 1313 	mls	r3, r2, r3, r1
  38:	b91b      	cbnz	r3, 42 <SysTickHandler+0x42>
C:\tien\PROJEKTY\procesory\STM\T108_V100a\sources/stm32f10x_it.c:165
		System_Timers.Counters.Timer_100ms++;
  3a:	4a11      	ldr	r2, [pc, #68]	(80 <SysTickHandler+0x80>)
  3c:	6893      	ldr	r3, [r2, #8]
  3e:	3301      	adds	r3, #1
  40:	6093      	str	r3, [r2, #8]
C:\tien\PROJEKTY\procesory\STM\T108_V100a\sources/stm32f10x_it.c:167

	if ( (Interval % 1000) == 0 )
  42:	480e      	ldr	r0, [pc, #56]	(7c <SysTickHandler+0x7c>)
  44:	f44f 727a 	mov.w	r2, #1000	; 0x3e8
  48:	6801      	ldr	r1, [r0, #0]
  4a:	fbb1 f3f2 	udiv	r3, r1, r2
  4e:	fb02 1113 	mls	r1, r2, r3, r1
  52:	b941      	cbnz	r1, 66 <SysTickHandler+0x66>
C:\tien\PROJEKTY\procesory\STM\T108_V100a\sources/stm32f10x_it.c:169
	{
		System_Timers.Counters.Timer_1s++;
  54:	4a0a      	ldr	r2, [pc, #40]	(80 <SysTickHandler+0x80>)
  56:	68d3      	ldr	r3, [r2, #12]
  58:	3301      	adds	r3, #1
  5a:	60d3      	str	r3, [r2, #12]
C:\tien\PROJEKTY\procesory\STM\T108_V100a\sources/stm32f10x_it.c:170
		Interval_Sec++;
  5c:	4a0a      	ldr	r2, [pc, #40]	(88 <SysTickHandler+0x88>)
  5e:	6813      	ldr	r3, [r2, #0]
  60:	3301      	adds	r3, #1
  62:	6013      	str	r3, [r2, #0]
C:\tien\PROJEKTY\procesory\STM\T108_V100a\sources/stm32f10x_it.c:171
		Interval = 0;  
  64:	6001      	str	r1, [r0, #0]
C:\tien\PROJEKTY\procesory\STM\T108_V100a\sources/stm32f10x_it.c:174
	}

	if ( Interval_Sec >= 60 )
  66:	4908      	ldr	r1, [pc, #32]	(88 <SysTickHandler+0x88>)
  68:	680b      	ldr	r3, [r1, #0]
  6a:	2b3b      	cmp	r3, #59
  6c:	d905      	bls.n	7a <SysTickHandler+0x7a>
C:\tien\PROJEKTY\procesory\STM\T108_V100a\sources/stm32f10x_it.c:176
	{
		System_Timers.Counters.Timer_1min++;
  6e:	4b04      	ldr	r3, [pc, #16]	(80 <SysTickHandler+0x80>)
  70:	691a      	ldr	r2, [r3, #16]
  72:	3201      	adds	r2, #1
  74:	611a      	str	r2, [r3, #16]
C:\tien\PROJEKTY\procesory\STM\T108_V100a\sources/stm32f10x_it.c:177
		Interval_Sec = 0;
  76:	2300      	movs	r3, #0
  78:	600b      	str	r3, [r1, #0]
C:\tien\PROJEKTY\procesory\STM\T108_V100a\sources/stm32f10x_it.c:179
	}
}
  7a:	4770      	bx	lr
	...
Disassembly of section .text.WWDG_IRQHandler:

00000000 <WWDG_IRQHandler>:
WWDG_IRQHandler():
C:\tien\PROJEKTY\procesory\STM\T108_V100a\sources/stm32f10x_it.c:190
* Output         : None
* Return         : None
*******************************************************************************/
void WWDG_IRQHandler(void)
{
}
   0:	4770      	bx	lr
   2:	46c0      	nop			(mov r8, r8)
Disassembly of section .text.PVD_IRQHandler:

00000000 <PVD_IRQHandler>:
PVD_IRQHandler():
C:\tien\PROJEKTY\procesory\STM\T108_V100a\sources/stm32f10x_it.c:201
* Output         : None
* Return         : None
*******************************************************************************/
void PVD_IRQHandler(void)
{
}
   0:	4770      	bx	lr
   2:	46c0      	nop			(mov r8, r8)
Disassembly of section .text.TAMPER_IRQHandler:

00000000 <TAMPER_IRQHandler>:
TAMPER_IRQHandler():
C:\tien\PROJEKTY\procesory\STM\T108_V100a\sources/stm32f10x_it.c:212
* Output         : None
* Return         : None
*******************************************************************************/
void TAMPER_IRQHandler(void)
{
}
   0:	4770      	bx	lr
   2:	46c0      	nop			(mov r8, r8)
Disassembly of section .text.FLASH_IRQHandler:

00000000 <FLASH_IRQHandler>:
FLASH_IRQHandler():
C:\tien\PROJEKTY\procesory\STM\T108_V100a\sources/stm32f10x_it.c:253
* Output         : None
* Return         : None
*******************************************************************************/
void FLASH_IRQHandler(void)
{
}
   0:	4770      	bx	lr
   2:	46c0      	nop			(mov r8, r8)
Disassembly of section .text.RCC_IRQHandler:

00000000 <RCC_IRQHandler>:
RCC_IRQHandler():
C:\tien\PROJEKTY\procesory\STM\T108_V100a\sources/stm32f10x_it.c:264
* Output         : None
* Return         : None
*******************************************************************************/
void RCC_IRQHandler(void)
{
}
   0:	4770      	bx	lr
   2:	46c0      	nop			(mov r8, r8)
Disassembly of section .text.EXTI0_IRQHandler:

00000000 <EXTI0_IRQHandler>:
EXTI0_IRQHandler():
C:\tien\PROJEKTY\procesory\STM\T108_V100a\sources/stm32f10x_it.c:275
* Output         : None
* Return         : None
*******************************************************************************/
void EXTI0_IRQHandler(void)
{
}
   0:	4770      	bx	lr
   2:	46c0      	nop			(mov r8, r8)
Disassembly of section .text.EXTI1_IRQHandler:

00000000 <EXTI1_IRQHandler>:
EXTI1_IRQHandler():
C:\tien\PROJEKTY\procesory\STM\T108_V100a\sources/stm32f10x_it.c:287
* Return         : None
*******************************************************************************/
void EXTI1_IRQHandler(void)
{

}
   0:	4770      	bx	lr
   2:	46c0      	nop			(mov r8, r8)
Disassembly of section .text.EXTI2_IRQHandler:

00000000 <EXTI2_IRQHandler>:
EXTI2_IRQHandler():
C:\tien\PROJEKTY\procesory\STM\T108_V100a\sources/stm32f10x_it.c:298
* Output         : None
* Return         : None
*******************************************************************************/
void EXTI2_IRQHandler(void)
{
}
   0:	4770      	bx	lr
   2:	46c0      	nop			(mov r8, r8)
Disassembly of section .text.EXTI3_IRQHandler:

00000000 <EXTI3_IRQHandler>:
EXTI3_IRQHandler():
C:\tien\PROJEKTY\procesory\STM\T108_V100a\sources/stm32f10x_it.c:309
* Output         : None
* Return         : None
*******************************************************************************/
void EXTI3_IRQHandler(void)
{
}
   0:	4770      	bx	lr
   2:	46c0      	nop			(mov r8, r8)
Disassembly of section .text.EXTI4_IRQHandler:

00000000 <EXTI4_IRQHandler>:
EXTI4_IRQHandler():
C:\tien\PROJEKTY\procesory\STM\T108_V100a\sources/stm32f10x_it.c:320
* Output         : None
* Return         : None
*******************************************************************************/
void EXTI4_IRQHandler(void)
{
}
   0:	4770      	bx	lr
   2:	46c0      	nop			(mov r8, r8)
Disassembly of section .text.DMA1_Channel2_IRQHandler:

00000000 <DMA1_Channel2_IRQHandler>:
DMA1_Channel2_IRQHandler():
C:\tien\PROJEKTY\procesory\STM\T108_V100a\sources/stm32f10x_it.c:347
* Output         : None
* Return         : None
*******************************************************************************/
void DMA1_Channel2_IRQHandler(void)
{
}
   0:	4770      	bx	lr
   2:	46c0      	nop			(mov r8, r8)
Disassembly of section .text.DMA1_Channel3_IRQHandler:

00000000 <DMA1_Channel3_IRQHandler>:
DMA1_Channel3_IRQHandler():
C:\tien\PROJEKTY\procesory\STM\T108_V100a\sources/stm32f10x_it.c:358
* Output         : None
* Return         : None
*******************************************************************************/
void DMA1_Channel3_IRQHandler(void)
{
}
   0:	4770      	bx	lr
   2:	46c0      	nop			(mov r8, r8)
Disassembly of section .text.DMA1_Channel5_IRQHandler:

00000000 <DMA1_Channel5_IRQHandler>:
DMA1_Channel5_IRQHandler():
C:\tien\PROJEKTY\procesory\STM\T108_V100a\sources/stm32f10x_it.c:390
* Output         : None
* Return         : None
*******************************************************************************/
void DMA1_Channel5_IRQHandler(void)
{
}
   0:	4770      	bx	lr
   2:	46c0      	nop			(mov r8, r8)
Disassembly of section .text.DMA1_Channel6_IRQHandler:

00000000 <DMA1_Channel6_IRQHandler>:
DMA1_Channel6_IRQHandler():
C:\tien\PROJEKTY\procesory\STM\T108_V100a\sources/stm32f10x_it.c:401
* Output         : None
* Return         : None
*******************************************************************************/
void DMA1_Channel6_IRQHandler(void)
{
}
   0:	4770      	bx	lr
   2:	46c0      	nop			(mov r8, r8)
Disassembly of section .text.DMA1_Channel7_IRQHandler:

00000000 <DMA1_Channel7_IRQHandler>:
DMA1_Channel7_IRQHandler():
C:\tien\PROJEKTY\procesory\STM\T108_V100a\sources/stm32f10x_it.c:412
* Output         : None
* Return         : None
*******************************************************************************/
void DMA1_Channel7_IRQHandler(void)
{
}
   0:	4770      	bx	lr
   2:	46c0      	nop			(mov r8, r8)
Disassembly of section .text.ADC1_2_IRQHandler:

00000000 <ADC1_2_IRQHandler>:
ADC1_2_IRQHandler():
C:\tien\PROJEKTY\procesory\STM\T108_V100a\sources/stm32f10x_it.c:423
* Output         : None
* Return         : None
*******************************************************************************/
void ADC1_2_IRQHandler(void)
{
}
   0:	4770      	bx	lr
   2:	46c0      	nop			(mov r8, r8)
Disassembly of section .text.USB_HP_CAN_TX_IRQHandler:

00000000 <USB_HP_CAN_TX_IRQHandler>:
USB_HP_CAN_TX_IRQHandler():
C:\tien\PROJEKTY\procesory\STM\T108_V100a\sources/stm32f10x_it.c:435
* Output         : None
* Return         : None
*******************************************************************************/
void USB_HP_CAN_TX_IRQHandler(void)
{
}
   0:	4770      	bx	lr
   2:	46c0      	nop			(mov r8, r8)
Disassembly of section .text.CAN_RX1_IRQHandler:

00000000 <CAN_RX1_IRQHandler>:
CAN_RX1_IRQHandler():
C:\tien\PROJEKTY\procesory\STM\T108_V100a\sources/stm32f10x_it.c:459
* Output         : None
* Return         : None
*******************************************************************************/
void CAN_RX1_IRQHandler(void)
{
}
   0:	4770      	bx	lr
   2:	46c0      	nop			(mov r8, r8)
Disassembly of section .text.CAN_SCE_IRQHandler:

00000000 <CAN_SCE_IRQHandler>:
CAN_SCE_IRQHandler():
C:\tien\PROJEKTY\procesory\STM\T108_V100a\sources/stm32f10x_it.c:470
* Output         : None
* Return         : None
*******************************************************************************/
void CAN_SCE_IRQHandler(void)
{
}
   0:	4770      	bx	lr
   2:	46c0      	nop			(mov r8, r8)
Disassembly of section .text.EXTI9_5_IRQHandler:

00000000 <EXTI9_5_IRQHandler>:
EXTI9_5_IRQHandler():
C:\tien\PROJEKTY\procesory\STM\T108_V100a\sources/stm32f10x_it.c:481
* Output         : None
* Return         : None
*******************************************************************************/
void EXTI9_5_IRQHandler(void)
{
}
   0:	4770      	bx	lr
   2:	46c0      	nop			(mov r8, r8)
Disassembly of section .text.TIM1_BRK_IRQHandler:

00000000 <TIM1_BRK_IRQHandler>:
TIM1_BRK_IRQHandler():
C:\tien\PROJEKTY\procesory\STM\T108_V100a\sources/stm32f10x_it.c:492
* Output         : None
* Return         : None
*******************************************************************************/
void TIM1_BRK_IRQHandler(void)
{
}
   0:	4770      	bx	lr
   2:	46c0      	nop			(mov r8, r8)
Disassembly of section .text.TIM1_UP_IRQHandler:

00000000 <TIM1_UP_IRQHandler>:
TIM1_UP_IRQHandler():
C:\tien\PROJEKTY\procesory\STM\T108_V100a\sources/stm32f10x_it.c:503
* Input          : None
* Output         : None
* Return         : None
*******************************************************************************/
void TIM1_UP_IRQHandler(void)
{
   0:	4770      	bx	lr
   2:	46c0      	nop			(mov r8, r8)
Disassembly of section .text.TIM1_TRG_COM_IRQHandler:

00000000 <TIM1_TRG_COM_IRQHandler>:
TIM1_TRG_COM_IRQHandler():
C:\tien\PROJEKTY\procesory\STM\T108_V100a\sources/stm32f10x_it.c:515
* Input          : None
* Output         : None
* Return         : None
*******************************************************************************/
void TIM1_TRG_COM_IRQHandler(void)
{
   0:	4770      	bx	lr
   2:	46c0      	nop			(mov r8, r8)
Disassembly of section .text.TIM1_CC_IRQHandler:

00000000 <TIM1_CC_IRQHandler>:
TIM1_CC_IRQHandler():
C:\tien\PROJEKTY\procesory\STM\T108_V100a\sources/stm32f10x_it.c:526
* Input          : None
* Output         : None
* Return         : None
*******************************************************************************/
void TIM1_CC_IRQHandler(void)
{
   0:	4770      	bx	lr
   2:	46c0      	nop			(mov r8, r8)
Disassembly of section .text.TIM2_IRQHandler:

00000000 <TIM2_IRQHandler>:
TIM2_IRQHandler():
C:\tien\PROJEKTY\procesory\STM\T108_V100a\sources/stm32f10x_it.c:539
* Input          : None
* Output         : None
* Return         : None
*******************************************************************************/
void TIM2_IRQHandler(void)
{
   0:	4770      	bx	lr
   2:	46c0      	nop			(mov r8, r8)
Disassembly of section .text.TIM4_IRQHandler:

00000000 <TIM4_IRQHandler>:
TIM4_IRQHandler():
C:\tien\PROJEKTY\procesory\STM\T108_V100a\sources/stm32f10x_it.c:587
* Input          : None
* Output         : None
* Return         : None
*******************************************************************************/
void TIM4_IRQHandler(void)
{
   0:	4770      	bx	lr
   2:	46c0      	nop			(mov r8, r8)
Disassembly of section .text.I2C1_EV_IRQHandler:

00000000 <I2C1_EV_IRQHandler>:
I2C1_EV_IRQHandler():
C:\tien\PROJEKTY\procesory\STM\T108_V100a\sources/stm32f10x_it.c:598
* Input          : None
* Output         : None
* Return         : None
*******************************************************************************/
void I2C1_EV_IRQHandler(void)
{
   0:	4770      	bx	lr
   2:	46c0      	nop			(mov r8, r8)
Disassembly of section .text.I2C1_ER_IRQHandler:

00000000 <I2C1_ER_IRQHandler>:
I2C1_ER_IRQHandler():
C:\tien\PROJEKTY\procesory\STM\T108_V100a\sources/stm32f10x_it.c:609
* Input          : None
* Output         : None
* Return         : None
*******************************************************************************/
void I2C1_ER_IRQHandler(void)
{
   0:	4770      	bx	lr
   2:	46c0      	nop			(mov r8, r8)
Disassembly of section .text.I2C2_EV_IRQHandler:

00000000 <I2C2_EV_IRQHandler>:
I2C2_EV_IRQHandler():
C:\tien\PROJEKTY\procesory\STM\T108_V100a\sources/stm32f10x_it.c:620
* Input          : None
* Output         : None
* Return         : None
*******************************************************************************/
void I2C2_EV_IRQHandler(void)
{
   0:	4770      	bx	lr
   2:	46c0      	nop			(mov r8, r8)
Disassembly of section .text.I2C2_ER_IRQHandler:

00000000 <I2C2_ER_IRQHandler>:
DMA2_Channel4_5_IRQHandler():
C:\tien\PROJEKTY\procesory\STM\T108_V100a\sources/stm32f10x_it.c:632
* Output         : None
* Return         : None
*******************************************************************************/
void I2C2_ER_IRQHandler(void)
{
}
   0:	4770      	bx	lr
I2C2_ER_IRQHandler():
   2:	46c0      	nop			(mov r8, r8)
Disassembly of section .text.SPI1_IRQHandler:

00000000 <SPI1_IRQHandler>:
DMA2_Channel4_5_IRQHandler():
   0:	4770      	bx	lr
SPI1_IRQHandler():
   2:	46c0      	nop			(mov r8, r8)
Disassembly of section .text.SPI2_IRQHandler:

00000000 <SPI2_IRQHandler>:
DMA2_Channel4_5_IRQHandler():
   0:	4770      	bx	lr
SPI2_IRQHandler():
   2:	46c0      	nop			(mov r8, r8)
Disassembly of section .text.USART2_IRQHandler:

00000000 <USART2_IRQHandler>:
DMA2_Channel4_5_IRQHandler():
   0:	4770      	bx	lr
USART2_IRQHandler():
   2:	46c0      	nop			(mov r8, r8)
Disassembly of section .text.USART3_IRQHandler:

00000000 <USART3_IRQHandler>:
DMA2_Channel4_5_IRQHandler():
   0:	4770      	bx	lr
USART3_IRQHandler():
   2:	46c0      	nop			(mov r8, r8)
Disassembly of section .text.RTCAlarm_IRQHandler:

00000000 <RTCAlarm_IRQHandler>:
DMA2_Channel4_5_IRQHandler():
   0:	4770      	bx	lr
RTCAlarm_IRQHandler():
   2:	46c0      	nop			(mov r8, r8)
Disassembly of section .text.USBWakeUp_IRQHandler:

00000000 <USBWakeUp_IRQHandler>:
DMA2_Channel4_5_IRQHandler():
   0:	4770      	bx	lr
USBWakeUp_IRQHandler():
   2:	46c0      	nop			(mov r8, r8)
Disassembly of section .text.TIM8_BRK_IRQHandler:

00000000 <TIM8_BRK_IRQHandler>:
DMA2_Channel4_5_IRQHandler():
   0:	4770      	bx	lr
TIM8_BRK_IRQHandler():
   2:	46c0      	nop			(mov r8, r8)
Disassembly of section .text.TIM8_UP_IRQHandler:

00000000 <TIM8_UP_IRQHandler>:
DMA2_Channel4_5_IRQHandler():
   0:	4770      	bx	lr
TIM8_UP_IRQHandler():
   2:	46c0      	nop			(mov r8, r8)
Disassembly of section .text.TIM8_TRG_COM_IRQHandler:

00000000 <TIM8_TRG_COM_IRQHandler>:
DMA2_Channel4_5_IRQHandler():
   0:	4770      	bx	lr
TIM8_TRG_COM_IRQHandler():
   2:	46c0      	nop			(mov r8, r8)
Disassembly of section .text.TIM8_CC_IRQHandler:

00000000 <TIM8_CC_IRQHandler>:
DMA2_Channel4_5_IRQHandler():
   0:	4770      	bx	lr
TIM8_CC_IRQHandler():
   2:	46c0      	nop			(mov r8, r8)
Disassembly of section .text.ADC3_IRQHandler:

00000000 <ADC3_IRQHandler>:
DMA2_Channel4_5_IRQHandler():
   0:	4770      	bx	lr
ADC3_IRQHandler():
   2:	46c0      	nop			(mov r8, r8)
Disassembly of section .text.FSMC_IRQHandler:

00000000 <FSMC_IRQHandler>:
DMA2_Channel4_5_IRQHandler():
   0:	4770      	bx	lr
FSMC_IRQHandler():
   2:	46c0      	nop			(mov r8, r8)
Disassembly of section .text.SDIO_IRQHandler:

00000000 <SDIO_IRQHandler>:
DMA2_Channel4_5_IRQHandler():
   0:	4770      	bx	lr
SDIO_IRQHandler():
   2:	46c0      	nop			(mov r8, r8)
Disassembly of section .text.TIM5_IRQHandler:

00000000 <TIM5_IRQHandler>:
DMA2_Channel4_5_IRQHandler():
   0:	4770      	bx	lr
TIM5_IRQHandler():
   2:	46c0      	nop			(mov r8, r8)
Disassembly of section .text.SPI3_IRQHandler:

00000000 <SPI3_IRQHandler>:
DMA2_Channel4_5_IRQHandler():
   0:	4770      	bx	lr
SPI3_IRQHandler():
   2:	46c0      	nop			(mov r8, r8)
Disassembly of section .text.UART4_IRQHandler:

00000000 <UART4_IRQHandler>:
DMA2_Channel4_5_IRQHandler():
   0:	4770      	bx	lr
UART4_IRQHandler():
   2:	46c0      	nop			(mov r8, r8)
Disassembly of section .text.UART5_IRQHandler:

00000000 <UART5_IRQHandler>:
DMA2_Channel4_5_IRQHandler():
   0:	4770      	bx	lr
UART5_IRQHandler():
   2:	46c0      	nop			(mov r8, r8)
Disassembly of section .text.TIM6_IRQHandler:

00000000 <TIM6_IRQHandler>:
DMA2_Channel4_5_IRQHandler():
   0:	4770      	bx	lr
TIM6_IRQHandler():
   2:	46c0      	nop			(mov r8, r8)
Disassembly of section .text.TIM7_IRQHandler:

00000000 <TIM7_IRQHandler>:
DMA2_Channel4_5_IRQHandler():
   0:	4770      	bx	lr
TIM7_IRQHandler():
   2:	46c0      	nop			(mov r8, r8)
Disassembly of section .text.DMA2_Channel1_IRQHandler:

00000000 <DMA2_Channel1_IRQHandler>:
DMA2_Channel4_5_IRQHandler():
   0:	4770      	bx	lr
DMA2_Channel1_IRQHandler():
   2:	46c0      	nop			(mov r8, r8)
Disassembly of section .text.DMA2_Channel2_IRQHandler:

00000000 <DMA2_Channel2_IRQHandler>:
DMA2_Channel4_5_IRQHandler():
   0:	4770      	bx	lr
DMA2_Channel2_IRQHandler():
   2:	46c0      	nop			(mov r8, r8)
Disassembly of section .text.DMA2_Channel3_IRQHandler:

00000000 <DMA2_Channel3_IRQHandler>:
DMA2_Channel4_5_IRQHandler():
   0:	4770      	bx	lr
DMA2_Channel3_IRQHandler():
   2:	46c0      	nop			(mov r8, r8)
Disassembly of section .text.DMA2_Channel4_5_IRQHandler:

00000000 <DMA2_Channel4_5_IRQHandler>:
DMA2_Channel4_5_IRQHandler():
   0:	4770      	bx	lr
   2:	46c0      	nop			(mov r8, r8)
Disassembly of section .text.EXTI15_10_IRQHandler:

00000000 <EXTI15_10_IRQHandler>:
   0:	b510      	push	{r4, lr}
EXTI15_10_IRQHandler():
   2:	f44f 4080 	mov.w	r0, #16384	; 0x4000
   6:	f7ff fffe 	bl	0 <EXTI_GetITStatus>
   a:	b368      	cbz	r0, 68 <EXTI15_10_IRQHandler+0x68>
C:\tien\PROJEKTY\procesory\STM\T108_V100a\sources/stm32f10x_it.c:716
*******************************************************************************/
void EXTI15_10_IRQHandler(void)
{
    if(EXTI_GetITStatus(EXTI_Line14) != RESET)
    {
        if ( GPIO_ReadInputDataBit(PORT_IN1, PIN_IN1) != 0 )    
   c:	4817      	ldr	r0, [pc, #92]	(6c <EXTI15_10_IRQHandler+0x6c>)
   e:	f44f 4180 	mov.w	r1, #16384	; 0x4000
  12:	f7ff fffe 	bl	0 <GPIO_ReadInputDataBit>
  16:	b128      	cbz	r0, 24 <EXTI15_10_IRQHandler+0x24>
C:\tien\PROJEKTY\procesory\STM\T108_V100a\sources/stm32f10x_it.c:717
            Msens2_Low_Measured = TIM_GetCounter(TIM2);
  18:	f04f 4080 	mov.w	r0, #1073741824	; 0x40000000
  1c:	f7ff fffe 	bl	0 <TIM_GetCounter>
BusFaultException():
C:\tien\PROJEKTY\procesory\STM\T108_V100a\sources/stm32f10x_it.c:91
* Input          : None
* Output         : None
* Return         : None
*******************************************************************************/
void BusFaultException(void)
{
  20:	4b13      	ldr	r3, [pc, #76]	(70 <EXTI15_10_IRQHandler+0x70>)
EXTI15_10_IRQHandler():
  22:	8018      	strh	r0, [r3, #0]
C:\tien\PROJEKTY\procesory\STM\T108_V100a\sources/stm32f10x_it.c:719
    if(EXTI_GetITStatus(EXTI_Line14) != RESET)
    {
        if ( GPIO_ReadInputDataBit(PORT_IN1, PIN_IN1) != 0 )    
            Msens2_Low_Measured = TIM_GetCounter(TIM2);
        
        if ( GPIO_ReadInputDataBit(PORT_IN1, PIN_IN1) == 0 )    
  24:	4811      	ldr	r0, [pc, #68]	(6c <EXTI15_10_IRQHandler+0x6c>)
  26:	f44f 4180 	mov.w	r1, #16384	; 0x4000
  2a:	f7ff fffe 	bl	0 <GPIO_ReadInputDataBit>
  2e:	b928      	cbnz	r0, 3c <EXTI15_10_IRQHandler+0x3c>
C:\tien\PROJEKTY\procesory\STM\T108_V100a\sources/stm32f10x_it.c:720
            Msens2_High_Measured = TIM_GetCounter(TIM2);
  30:	f100 4080 	add.w	r0, r0, #1073741824	; 0x40000000
  34:	f7ff fffe 	bl	0 <TIM_GetCounter>
  38:	4b0e      	ldr	r3, [pc, #56]	(74 <EXTI15_10_IRQHandler+0x74>)
  3a:	8018      	strh	r0, [r3, #0]
C:\tien\PROJEKTY\procesory\STM\T108_V100a\sources/stm32f10x_it.c:722

        TIM_SetCounter(TIM2, 0);    
  3c:	2100      	movs	r1, #0
  3e:	f04f 4080 	mov.w	r0, #1073741824	; 0x40000000
  42:	f7ff fffe 	bl	0 <TIM_SetCounter>
C:\tien\PROJEKTY\procesory\STM\T108_V100a\sources/stm32f10x_it.c:724

        if ( ( Msens2_Low_Measured + Msens2_High_Measured ) > 1000 &&
  46:	4b0a      	ldr	r3, [pc, #40]	(70 <EXTI15_10_IRQHandler+0x70>)
  48:	8819      	ldrh	r1, [r3, #0]
  4a:	4b0a      	ldr	r3, [pc, #40]	(74 <EXTI15_10_IRQHandler+0x74>)
  4c:	881a      	ldrh	r2, [r3, #0]
  4e:	1853      	adds	r3, r2, r1
  50:	f5a3 737a 	sub.w	r3, r3, #1000	; 0x3e8
  54:	3b01      	subs	r3, #1
  56:	2b62      	cmp	r3, #98
  58:	d802      	bhi.n	60 <EXTI15_10_IRQHandler+0x60>
C:\tien\PROJEKTY\procesory\STM\T108_V100a\sources/stm32f10x_it.c:727
             ( Msens2_Low_Measured + Msens2_High_Measured ) < 1100 )
        {
            Controller_Variables.Controller_Vars.MSens2_Pulse_Low = Msens2_Low_Measured;     
  5a:	4b07      	ldr	r3, [pc, #28]	(78 <EXTI15_10_IRQHandler+0x78>)
  5c:	85d9      	strh	r1, [r3, #46]
C:\tien\PROJEKTY\procesory\STM\T108_V100a\sources/stm32f10x_it.c:728
            Controller_Variables.Controller_Vars.MSens2_Pulse_High = Msens2_High_Measured;    
  5e:	859a      	strh	r2, [r3, #44]
C:\tien\PROJEKTY\procesory\STM\T108_V100a\sources/stm32f10x_it.c:731
        }
        
        EXTI_ClearITPendingBit(EXTI_Line14);
  60:	f44f 4080 	mov.w	r0, #16384	; 0x4000
  64:	f7ff fffe 	bl	0 <EXTI_ClearITPendingBit>
C:\tien\PROJEKTY\procesory\STM\T108_V100a\sources/stm32f10x_it.c:733
    }
}
  68:	bd10      	pop	{r4, pc}
  6a:	46c0      	nop			(mov r8, r8)
  6c:	40010800 	.word	0x40010800
	...
Disassembly of section .text.USART1_IRQHandler:

00000000 <USART1_IRQHandler>:
USART1_IRQHandler():
C:\tien\PROJEKTY\procesory\STM\T108_V100a\sources/stm32f10x_it.c:664
* Input          : None
* Output         : None
* Return         : None
*******************************************************************************/
void USART1_IRQHandler(void)
{
   0:	b510      	push	{r4, lr}
C:\tien\PROJEKTY\procesory\STM\T108_V100a\sources/stm32f10x_it.c:665
    if(USART_GetITStatus(USART1, USART_IT_RXNE) != RESET)
   2:	4810      	ldr	r0, [pc, #64]	(44 <USART1_IRQHandler+0x44>)
C:\tien\PROJEKTY\procesory\STM\T108_V100a\sources/stm32f10x_it.c:733
            Controller_Variables.Controller_Vars.MSens2_Pulse_High = Msens2_High_Measured;    
        }
        
        EXTI_ClearITPendingBit(EXTI_Line14);
    }
}
   4:	f240 5125 	movw	r1, #1317	; 0x525
DebugMonitor():
C:\tien\PROJEKTY\procesory\STM\T108_V100a\sources/stm32f10x_it.c:122
* Output         : None
* Return         : None
*******************************************************************************/
void DebugMonitor(void)
{
}
   8:	f7ff fffe 	bl	0 <USART_GetITStatus>
USART1_IRQHandler():
   c:	b1c8      	cbz	r0, 42 <USART1_IRQHandler+0x42>
C:\tien\PROJEKTY\procesory\STM\T108_V100a\sources/stm32f10x_it.c:667
*******************************************************************************/
void USART1_IRQHandler(void)
{
    if(USART_GetITStatus(USART1, USART_IT_RXNE) != RESET)
    {
        Usart1_Rx_Data = USART_ReceiveData(USART1);
   e:	480d      	ldr	r0, [pc, #52]	(44 <USART1_IRQHandler+0x44>)
  10:	f7ff fffe 	bl	0 <USART_ReceiveData>
C:\tien\PROJEKTY\procesory\STM\T108_V100a\sources/stm32f10x_it.c:668
        bytes_received++;
  14:	4a0c      	ldr	r2, [pc, #48]	(48 <USART1_IRQHandler+0x48>)
C:\tien\PROJEKTY\procesory\STM\T108_V100a\sources/stm32f10x_it.c:667
*******************************************************************************/
void USART1_IRQHandler(void)
{
    if(USART_GetITStatus(USART1, USART_IT_RXNE) != RESET)
    {
        Usart1_Rx_Data = USART_ReceiveData(USART1);
  16:	490d      	ldr	r1, [pc, #52]	(4c <USART1_IRQHandler+0x4c>)
C:\tien\PROJEKTY\procesory\STM\T108_V100a\sources/stm32f10x_it.c:668
        bytes_received++;
  18:	7813      	ldrb	r3, [r2, #0]
C:\tien\PROJEKTY\procesory\STM\T108_V100a\sources/stm32f10x_it.c:667
*******************************************************************************/
void USART1_IRQHandler(void)
{
    if(USART_GetITStatus(USART1, USART_IT_RXNE) != RESET)
    {
        Usart1_Rx_Data = USART_ReceiveData(USART1);
  1a:	b2c0      	uxtb	r0, r0
C:\tien\PROJEKTY\procesory\STM\T108_V100a\sources/stm32f10x_it.c:668
        bytes_received++;
  1c:	3301      	adds	r3, #1
  1e:	7013      	strb	r3, [r2, #0]
C:\tien\PROJEKTY\procesory\STM\T108_V100a\sources/stm32f10x_it.c:670
    
        if ( RECEIVER_DISABLED == FALSE )
  20:	4b0b      	ldr	r3, [pc, #44]	(50 <USART1_IRQHandler+0x50>)
C:\tien\PROJEKTY\procesory\STM\T108_V100a\sources/stm32f10x_it.c:667
*******************************************************************************/
void USART1_IRQHandler(void)
{
    if(USART_GetITStatus(USART1, USART_IT_RXNE) != RESET)
    {
        Usart1_Rx_Data = USART_ReceiveData(USART1);
  22:	7008      	strb	r0, [r1, #0]
C:\tien\PROJEKTY\procesory\STM\T108_V100a\sources/stm32f10x_it.c:670
        bytes_received++;
    
        if ( RECEIVER_DISABLED == FALSE )
  24:	781b      	ldrb	r3, [r3, #0]
  26:	b963      	cbnz	r3, 42 <USART1_IRQHandler+0x42>
C:\tien\PROJEKTY\procesory\STM\T108_V100a\sources/stm32f10x_it.c:672
        {
            if ( RS485_PACKET_SENT == TRUE)
  28:	4b0a      	ldr	r3, [pc, #40]	(54 <USART1_IRQHandler+0x54>)
  2a:	781b      	ldrb	r3, [r3, #0]
  2c:	2b01      	cmp	r3, #1
  2e:	d104      	bne.n	3a <USART1_IRQHandler+0x3a>
C:\tien\PROJEKTY\procesory\STM\T108_V100a\sources/stm32f10x_it.c:674
            {
                Uart_Rx_Packet.Uart_Buffer[RS485_Packet_Counter] = Usart1_Rx_Data;
  30:	4b09      	ldr	r3, [pc, #36]	(58 <USART1_IRQHandler+0x58>)
  32:	7809      	ldrb	r1, [r1, #0]
  34:	781a      	ldrb	r2, [r3, #0]
  36:	4b09      	ldr	r3, [pc, #36]	(5c <USART1_IRQHandler+0x5c>)
  38:	5499      	strb	r1, [r3, r2]
C:\tien\PROJEKTY\procesory\STM\T108_V100a\sources/stm32f10x_it.c:677
            }
            
            RS485_Packet_Counter++;
  3a:	4a07      	ldr	r2, [pc, #28]	(58 <USART1_IRQHandler+0x58>)
  3c:	7813      	ldrb	r3, [r2, #0]
  3e:	3301      	adds	r3, #1
  40:	7013      	strb	r3, [r2, #0]
C:\tien\PROJEKTY\procesory\STM\T108_V100a\sources/stm32f10x_it.c:680
        }
    }
}
  42:	bd10      	pop	{r4, pc}
  44:	40013800 	.word	0x40013800
	...
Disassembly of section .text.TIM3_IRQHandler:

00000000 <TIM3_IRQHandler>:
TIM3_IRQHandler():
C:\tien\PROJEKTY\procesory\STM\T108_V100a\sources/stm32f10x_it.c:551
* Input          : None
* Output         : None
* Return         : None
*******************************************************************************/
void TIM3_IRQHandler(void)
{
   0:	b510      	push	{r4, lr}
C:\tien\PROJEKTY\procesory\STM\T108_V100a\sources/stm32f10x_it.c:553
    /* Clear TIM3 Capture compare interrupt pending bit */
    TIM_ClearITPendingBit(TIM3, TIM_IT_CC1);
   2:	4c18      	ldr	r4, [pc, #96]	(64 <TIM3_IRQHandler+0x64>)
   4:	2102      	movs	r1, #2
   6:	4620      	mov	r0, r4
   8:	f7ff fffe 	bl	0 <TIM_ClearITPendingBit>
C:\tien\PROJEKTY\procesory\STM\T108_V100a\sources/stm32f10x_it.c:556
 

    if ( (TIM3->CCER & 0x0002) != 0 )    
   c:	8c23      	ldrh	r3, [r4, #32]
   e:	f013 0f02 	tst.w	r3, #2	; 0x2
  12:	d008      	beq.n	26 <TIM3_IRQHandler+0x26>
C:\tien\PROJEKTY\procesory\STM\T108_V100a\sources/stm32f10x_it.c:558
    {
        TIM_OC1PolarityConfig(TIM3, TIM_ICPolarity_Rising);
  14:	4620      	mov	r0, r4
  16:	2100      	movs	r1, #0
  18:	f7ff fffe 	bl	0 <TIM_OC1PolarityConfig>
C:\tien\PROJEKTY\procesory\STM\T108_V100a\sources/stm32f10x_it.c:559
        Msens1_High_Measured = TIM_GetCapture1(TIM3);    
  1c:	4620      	mov	r0, r4
  1e:	f7ff fffe 	bl	0 <TIM_GetCapture1>
  22:	4b11      	ldr	r3, [pc, #68]	(68 <TIM3_IRQHandler+0x68>)
  24:	e00b      	b.n	3e <TIM3_IRQHandler+0x3e>
C:\tien\PROJEKTY\procesory\STM\T108_V100a\sources/stm32f10x_it.c:562

    }
    else if ( (TIM3->CCER & 0x0002) == 0 )    
  26:	8c23      	ldrh	r3, [r4, #32]
  28:	f013 0f02 	tst.w	r3, #2	; 0x2
  2c:	d108      	bne.n	40 <TIM3_IRQHandler+0x40>
C:\tien\PROJEKTY\procesory\STM\T108_V100a\sources/stm32f10x_it.c:564
    {
        TIM_OC1PolarityConfig(TIM3, TIM_ICPolarity_Falling);    
  2e:	4620      	mov	r0, r4
  30:	2102      	movs	r1, #2
  32:	f7ff fffe 	bl	0 <TIM_OC1PolarityConfig>
C:\tien\PROJEKTY\procesory\STM\T108_V100a\sources/stm32f10x_it.c:565
        Msens1_Low_Measured = TIM_GetCapture1(TIM3);    
  36:	4620      	mov	r0, r4
  38:	f7ff fffe 	bl	0 <TIM_GetCapture1>
  3c:	4b0b      	ldr	r3, [pc, #44]	(6c <TIM3_IRQHandler+0x6c>)
  3e:	8018      	strh	r0, [r3, #0]
C:\tien\PROJEKTY\procesory\STM\T108_V100a\sources/stm32f10x_it.c:568
    }

    if ( ( Msens1_Low_Measured + Msens1_High_Measured ) > 1000 &&
  40:	4b0a      	ldr	r3, [pc, #40]	(6c <TIM3_IRQHandler+0x6c>)
  42:	8819      	ldrh	r1, [r3, #0]
  44:	4b08      	ldr	r3, [pc, #32]	(68 <TIM3_IRQHandler+0x68>)
  46:	881a      	ldrh	r2, [r3, #0]
  48:	1853      	adds	r3, r2, r1
  4a:	f5a3 737a 	sub.w	r3, r3, #1000	; 0x3e8
  4e:	3b01      	subs	r3, #1
  50:	2b62      	cmp	r3, #98
  52:	d802      	bhi.n	5a <TIM3_IRQHandler+0x5a>
C:\tien\PROJEKTY\procesory\STM\T108_V100a\sources/stm32f10x_it.c:571
         ( Msens1_Low_Measured + Msens1_High_Measured ) < 1100 )
    {
        Controller_Variables.Controller_Vars.MSens1_Pulse_Low = Msens1_Low_Measured;     
  54:	4b06      	ldr	r3, [pc, #24]	(70 <TIM3_IRQHandler+0x70>)
  56:	8559      	strh	r1, [r3, #42]
C:\tien\PROJEKTY\procesory\STM\T108_V100a\sources/stm32f10x_it.c:572
        Controller_Variables.Controller_Vars.MSens1_Pulse_High = Msens1_High_Measured;    
  58:	851a      	strh	r2, [r3, #40]
C:\tien\PROJEKTY\procesory\STM\T108_V100a\sources/stm32f10x_it.c:576
    }


    TIM_SetCounter(TIM3, 0);
  5a:	4802      	ldr	r0, [pc, #8]	(64 <TIM3_IRQHandler+0x64>)
  5c:	2100      	movs	r1, #0
  5e:	f7ff fffe 	bl	0 <TIM_SetCounter>
C:\tien\PROJEKTY\procesory\STM\T108_V100a\sources/stm32f10x_it.c:577
}
  62:	bd10      	pop	{r4, pc}
  64:	40000400 	.word	0x40000400
	...
Disassembly of section .text.USB_LP_CAN_RX0_IRQHandler:

00000000 <USB_LP_CAN_RX0_IRQHandler>:
USB_LP_CAN_RX0_IRQHandler():
C:\tien\PROJEKTY\procesory\STM\T108_V100a\sources/stm32f10x_it.c:446
* Input          : None
* Output         : None
* Return         : None
*******************************************************************************/
void USB_LP_CAN_RX0_IRQHandler(void)
{
   0:	b510      	push	{r4, lr}
C:\tien\PROJEKTY\procesory\STM\T108_V100a\sources/stm32f10x_it.c:447
    USB_Istr();
   2:	f7ff fffe 	bl	0 <USB_Istr>
C:\tien\PROJEKTY\procesory\STM\T108_V100a\sources/stm32f10x_it.c:448
}
   6:	bd10      	pop	{r4, pc}
Disassembly of section .text.DMA1_Channel4_IRQHandler:

00000000 <DMA1_Channel4_IRQHandler>:
DMA1_Channel4_IRQHandler():
C:\tien\PROJEKTY\procesory\STM\T108_V100a\sources/stm32f10x_it.c:368
* Input          : None
* Output         : None
* Return         : None
*******************************************************************************/
void DMA1_Channel4_IRQHandler(void)
{
   0:	b510      	push	{r4, lr}
C:\tien\PROJEKTY\procesory\STM\T108_V100a\sources/stm32f10x_it.c:369
    if (DMA_GetITStatus( DMA1_IT_TC4 ))
   2:	f44f 5000 	mov.w	r0, #8192	; 0x2000
   6:	f7ff fffe 	bl	0 <DMA_GetITStatus>
   a:	b188      	cbz	r0, 30 <DMA1_Channel4_IRQHandler+0x30>
C:\tien\PROJEKTY\procesory\STM\T108_V100a\sources/stm32f10x_it.c:371
    {
        RECEIVER_DISABLED = FALSE;
   c:	4b09      	ldr	r3, [pc, #36]	(34 <DMA1_Channel4_IRQHandler+0x34>)
   e:	2100      	movs	r1, #0
  10:	7019      	strb	r1, [r3, #0]
C:\tien\PROJEKTY\procesory\STM\T108_V100a\sources/stm32f10x_it.c:372
        RS485_PACKET_SENT = TRUE;
  12:	4b09      	ldr	r3, [pc, #36]	(38 <DMA1_Channel4_IRQHandler+0x38>)
  14:	2201      	movs	r2, #1
  16:	701a      	strb	r2, [r3, #0]
C:\tien\PROJEKTY\procesory\STM\T108_V100a\sources/stm32f10x_it.c:373
        RS485_Packet_Counter = 0;
  18:	4b08      	ldr	r3, [pc, #32]	(3c <DMA1_Channel4_IRQHandler+0x3c>)
C:\tien\PROJEKTY\procesory\STM\T108_V100a\sources/stm32f10x_it.c:375
        bytes_received = 0;
        GPIO_ResetBits ( RS485_DIR_PORT, RS485_DIR_PIN );
  1a:	4809      	ldr	r0, [pc, #36]	(40 <DMA1_Channel4_IRQHandler+0x40>)
C:\tien\PROJEKTY\procesory\STM\T108_V100a\sources/stm32f10x_it.c:373
{
    if (DMA_GetITStatus( DMA1_IT_TC4 ))
    {
        RECEIVER_DISABLED = FALSE;
        RS485_PACKET_SENT = TRUE;
        RS485_Packet_Counter = 0;
  1c:	7019      	strb	r1, [r3, #0]
C:\tien\PROJEKTY\procesory\STM\T108_V100a\sources/stm32f10x_it.c:374
        bytes_received = 0;
  1e:	4b09      	ldr	r3, [pc, #36]	(44 <DMA1_Channel4_IRQHandler+0x44>)
  20:	7019      	strb	r1, [r3, #0]
C:\tien\PROJEKTY\procesory\STM\T108_V100a\sources/stm32f10x_it.c:375
        GPIO_ResetBits ( RS485_DIR_PORT, RS485_DIR_PIN );
  22:	3104      	adds	r1, #4
  24:	f7ff fffe 	bl	0 <GPIO_ResetBits>
C:\tien\PROJEKTY\procesory\STM\T108_V100a\sources/stm32f10x_it.c:377
    
        DMA_ClearITPendingBit(DMA1_IT_TC4 );
  28:	f44f 5000 	mov.w	r0, #8192	; 0x2000
  2c:	f7ff fffe 	bl	0 <DMA_ClearITPendingBit>
C:\tien\PROJEKTY\procesory\STM\T108_V100a\sources/stm32f10x_it.c:379
    }
}
  30:	bd10      	pop	{r4, pc}
  32:	46c0      	nop			(mov r8, r8)
	...
  40:	40011400 	.word	0x40011400
  44:	00000000 	.word	0x00000000
Disassembly of section .text.DMA1_Channel1_IRQHandler:

00000000 <DMA1_Channel1_IRQHandler>:
DMA1_Channel1_IRQHandler():
C:\tien\PROJEKTY\procesory\STM\T108_V100a\sources/stm32f10x_it.c:330
* Input          : None
* Output         : None
* Return         : None
*******************************************************************************/
void DMA1_Channel1_IRQHandler(void)
{
   0:	b510      	push	{r4, lr}
C:\tien\PROJEKTY\procesory\STM\T108_V100a\sources/stm32f10x_it.c:331
    if (DMA_GetITStatus( DMA1_IT_TC1 ))
   2:	2002      	movs	r0, #2
   4:	f7ff fffe 	bl	0 <DMA_GetITStatus>
   8:	b128      	cbz	r0, 16 <DMA1_Channel1_IRQHandler+0x16>
C:\tien\PROJEKTY\procesory\STM\T108_V100a\sources/stm32f10x_it.c:333
    {
        ADC_MEASURED = TRUE;
   a:	4b03      	ldr	r3, [pc, #12]	(18 <DMA1_Channel1_IRQHandler+0x18>)
   c:	2201      	movs	r2, #1
   e:	701a      	strb	r2, [r3, #0]
C:\tien\PROJEKTY\procesory\STM\T108_V100a\sources/stm32f10x_it.c:334
        DMA_ClearITPendingBit(DMA1_IT_TC1 );
  10:	2002      	movs	r0, #2
  12:	f7ff fffe 	bl	0 <DMA_ClearITPendingBit>
C:\tien\PROJEKTY\procesory\STM\T108_V100a\sources/stm32f10x_it.c:336
    }
}
  16:	bd10      	pop	{r4, pc}
  18:	00000000 	.word	0x00000000
Disassembly of section .text.RTC_IRQHandler:

00000000 <RTC_IRQHandler>:
RTC_IRQHandler():
C:\tien\PROJEKTY\procesory\STM\T108_V100a\sources/stm32f10x_it.c:222
* Input          : None
* Output         : None
* Return         : None
*******************************************************************************/
void RTC_IRQHandler(void)
{
   0:	b510      	push	{r4, lr}
C:\tien\PROJEKTY\procesory\STM\T108_V100a\sources/stm32f10x_it.c:225

  /* If counter is equal to 86339: one day was elapsed */
if(RTC_GetCounter() == 20 )
   2:	f7ff fffe 	bl	0 <RTC_GetCounter>
   6:	2814      	cmp	r0, #20
   8:	d106      	bne.n	18 <RTC_IRQHandler+0x18>
C:\tien\PROJEKTY\procesory\STM\T108_V100a\sources/stm32f10x_it.c:231

 //   if((RTC_GetCounter()/3600 == 23)&&(((RTC_GetCounter()%3600)/60) == 59)&&
   //   (((RTC_GetCounter()%3600)%60) == 59)) /* 23*3600 + 59*60 + 59 = 86339 */
    {
        /* Wait until last write operation on RTC registers has finished */
        RTC_WaitForLastTask();
   a:	f7ff fffe 	bl	0 <RTC_WaitForLastTask>
C:\tien\PROJEKTY\procesory\STM\T108_V100a\sources/stm32f10x_it.c:233
        /* Reset counter value */
        RTC_SetCounter(0x00000000);
   e:	2000      	movs	r0, #0
  10:	f7ff fffe 	bl	0 <RTC_SetCounter>
C:\tien\PROJEKTY\procesory\STM\T108_V100a\sources/stm32f10x_it.c:235
        /* Wait until last write operation on RTC registers has finished */
        RTC_WaitForLastTask();
  14:	f7ff fffe 	bl	0 <RTC_WaitForLastTask>
C:\tien\PROJEKTY\procesory\STM\T108_V100a\sources/stm32f10x_it.c:239

    }
    /* Clear the RTC Second Interrupt pending bit */  
    RTC_ClearITPendingBit(RTC_IT_SEC);
  18:	2001      	movs	r0, #1
  1a:	f7ff fffe 	bl	0 <RTC_ClearITPendingBit>
C:\tien\PROJEKTY\procesory\STM\T108_V100a\sources/stm32f10x_it.c:241

    Reload_Screen = TRUE;
  1e:	4b02      	ldr	r3, [pc, #8]	(28 <RTC_IRQHandler+0x28>)
  20:	2201      	movs	r2, #1
  22:	701a      	strb	r2, [r3, #0]
C:\tien\PROJEKTY\procesory\STM\T108_V100a\sources/stm32f10x_it.c:242
}
  24:	bd10      	pop	{r4, pc}
  26:	46c0      	nop			(mov r8, r8)
  28:	00000000 	.word	0x00000000
